This is pdfTeX, Version 3.14159265-2.6-1.40.16 (TeX Live 2015/Debian) (preloaded format=pdflatex 2017.12.27)  27 DEC 2017 17:26
entering extended mode
 restricted \write18 enabled.
 %&-line parsing enabled.
**monografia(co-orientador).tex
(./monografia(co-orientador).tex
LaTeX2e <2016/02/01>
Babel <3.9q> and hyphenation patterns for 3 language(s) loaded.

! LaTeX Error: File `abntex2.cls' not found.

Type X to quit or <RETURN> to proceed,
or enter new name. (Default extension: cls)

Enter file name: mono

! LaTeX Error: File `mono.cls' not found.

Type X to quit or <RETURN> to proceed,
or enter new name. (Default extension: cls)

Enter file name: mono.pdf

! LaTeX Error: File `mono.pdf' not found.

Type X to quit or <RETURN> to proceed,
or enter new name. (Default extension: pdf)

Enter file name: monografia
(./monografia.pdf

! LaTeX Error: Missing \begin{document}.

See the LaTeX manual or LaTeX Companion for explanation.
Type  H <return>  for immediate help.
 ...                                              
                                                  
l.3 1
      0 obj
? 
! Interruption.
\GenericError  ...                                
                                                  \endgroup 
l.3 1
      0 obj
? 
Missing character: There is no 1 in font nullfont!
Missing character: There is no 0 in font nullfont!
Missing character: There is no o in font nullfont!
Missing character: There is no b in font nullfont!
Missing character: There is no j in font nullfont!
Missing character: There is no < in font nullfont!
Missing character: There is no < in font nullfont!
Missing character: There is no / in font nullfont!
Missing character: There is no L in font nullfont!
Missing character: There is no e in font nullfont!
Missing character: There is no n in font nullfont!
Missing character: There is no g in font nullfont!
Missing character: There is no t in font nullfont!
Missing character: There is no h in font nullfont!
Missing character: There is no 8 in font nullfont!
Missing character: There is no 4 in font nullfont!
Missing character: There is no 3 in font nullfont!
Missing character: There is no / in font nullfont!
Missing character: There is no F in font nullfont!
Missing character: There is no i in font nullfont!
Missing character: There is no l in font nullfont!
Missing character: There is no t in font nullfont!
Missing character: There is no e in font nullfont!
Missing character: There is no r in font nullfont!
Missing character: There is no / in font nullfont!
Missing character: There is no F in font nullfont!
Missing character: There is no l in font nullfont!
Missing character: There is no a in font nullfont!
Missing character: There is no t in font nullfont!
Missing character: There is no e in font nullfont!
Missing character: There is no D in font nullfont!
Missing character: There is no e in font nullfont!
Missing character: There is no c in font nullfont!
Missing character: There is no o in font nullfont!
Missing character: There is no d in font nullfont!
Missing character: There is no e in font nullfont!
Missing character: There is no > in font nullfont!
Missing character: There is no > in font nullfont!
Missing character: There is no s in font nullfont!
Missing character: There is no t in font nullfont!
Missing character: There is no r in font nullfont!
Missing character: There is no e in font nullfont!
Missing character: There is no a in font nullfont!
Missing character: There is no m in font nullfont!
Missing character: There is no x in font nullfont!
Missing character: There is no Ú in font nullfont!
Missing character: There is no m in font nullfont!
Missing character: There is no U in font nullfont!
Missing character: There is no M in font nullfont!
Missing character: There is no o in font nullfont!
Missing character: There is no â in font nullfont!
Missing character: There is no 0 in font nullfont!
! Text line contains an invalid character.
l.9 xÚmUMoâ0^^P
               ½çWx^^O•Ú^^CÅNÈW…œ„H^^\¶­
? 
Missing character: There is no ½ in font nullfont!
Missing character: There is no ç in font nullfont!
Missing character: There is no W in font nullfont!
Missing character: There is no x in font nullfont!
! Text line contains an invalid character.
l.9 xÚmUMoâ0^^P½çWx^^O
                      •Ú^^CÅNÈW…œ„H^^\¶­
? 
Missing character: There is no • in font nullfont!
Missing character: There is no Ú in font nullfont!
! Text line contains an invalid character.
l.9 xÚmUMoâ0^^P½çWx^^O•Ú^^C
                           ÅNÈW…œ„H^^\¶­
? 
Missing character: There is no Å in font nullfont!
Missing character: There is no N in font nullfont!
Missing character: There is no È in font nullfont!
Missing character: There is no W in font nullfont!
Missing character: There is no … in font nullfont!
Missing character: There is no  in font nullfont!
Missing character: There is no œ in font nullfont!
Missing character: There is no „ in font nullfont!
Missing character: There is no H in font nullfont!
! Text line contains an invalid character.
l.9 xÚmUMoâ0^^P½çWx^^O•Ú^^CÅNÈW…œ„H^^\
                                       ¶­
? 
! Emergency stop.
l.9 xÚmUMoâ0^^P½çWx^^O•Ú^^CÅNÈW…œ„H^^\
                                       ¶­
End of file on the terminal!

 
Here is how much of TeX's memory you used:
 14 strings out of 494953
 307 string characters out of 6180976
 45618 words of memory out of 5000000
 3393 multiletter control sequences out of 15000+600000
 3640 words of font info for 14 fonts, out of 8000000 for 9000
 14 hyphenation exceptions out of 8191
 15i,0n,12p,120b,14s stack positions out of 5000i,500n,10000p,200000b,80000s
!  ==> Fatal error occurred, no output PDF file produced!
